COMMAND: samtools depth -a depth.txt
Wed Nov 26 15:52:16 -03 2025

### coverage summary
mean_depth: 282.31
breadth>=1x: 0.998649
positions: 5061728

### percentiles (1,5,10,25,50,75,90,95,99)
p1: 132.00
p5: 222.00
p10: 238.00
p25: 260.00
p50: 282.00
p75: 304.00
p90: 325.00
p95: 338.00
p99: 385.00
mean: 282.3087281655593

### top 20 coverage values by frequency (count\tdepth)
62985	282
62813	284
62454	285
62453	283
62304	281
62244	286
61931	287
61637	280
61586	288
61456	279
61425	278
61238	276
61182	277
60411	290
60268	275
60164	289
60045	291
59896	274
59718	292
59648	293
